[debug] [2026-04-19T19:01:26.288Z] ----------------------------------------------------------------------
[debug] [2026-04-19T19:01:26.289Z] Command:       /opt/homebrew/Cellar/node/25.9.0_1/bin/node /opt/homebrew/bin/firebase apps:list --project univest
[debug] [2026-04-19T19:01:26.290Z] CLI Version:   15.14.0
[debug] [2026-04-19T19:01:26.290Z] Platform:      darwin
[debug] [2026-04-19T19:01:26.290Z] Node Version:  v25.9.0
[debug] [2026-04-19T19:01:26.290Z] Time:          Sun Apr 19 2026 16:01:26 GMT-0300 (Brasilia Standard Time)
[debug] [2026-04-19T19:01:26.290Z] ----------------------------------------------------------------------
[debug] 
[debug] [2026-04-19T19:01:26.290Z] >>> [apiv2][query] GET https://firebase-public.firebaseio.com/cli.json [none]
[debug] [2026-04-19T19:01:26.315Z] > command requires scopes: ["email","openid","https://www.googleapis.com/auth/cloudplatformprojects.readonly","https://www.googleapis.com/auth/firebase","https://www.googleapis.com/auth/cloud-platform"]
[debug] [2026-04-19T19:01:26.315Z] > authorizing via signed-in user (univestapp@gmail.com)
[debug] [2026-04-19T19:01:26.316Z] Checked if tokens are valid: false, expires at: 1776122750641
[debug] [2026-04-19T19:01:26.316Z] Checked if tokens are valid: false, expires at: 1776122750641
[debug] [2026-04-19T19:01:26.316Z] > refreshing access token with scopes: []
[debug] [2026-04-19T19:01:26.317Z] >>> [apiv2][query] POST https://www.googleapis.com/oauth2/v3/token [none]
[debug] [2026-04-19T19:01:26.317Z] >>> [apiv2][body] POST https://www.googleapis.com/oauth2/v3/token [omitted]
[debug] [2026-04-19T19:01:26.482Z] <<< [apiv2][status] POST https://www.googleapis.com/oauth2/v3/token 200
[debug] [2026-04-19T19:01:26.482Z] <<< [apiv2][body] POST https://www.googleapis.com/oauth2/v3/token [omitted]
[debug] [2026-04-19T19:01:26.494Z] >>> [apiv2][query] GET https://firebase.googleapis.com/v1beta1/projects/univest:searchApps pageSize=100
[debug] [2026-04-19T19:01:26.653Z] <<< [apiv2][status] GET https://firebase-public.firebaseio.com/cli.json 200
[debug] [2026-04-19T19:01:26.653Z] <<< [apiv2][body] GET https://firebase-public.firebaseio.com/cli.json {"cloudBuildErrorAfter":1594252800000,"cloudBuildWarnAfter":1590019200000,"defaultNode10After":1594252800000,"minVersion":"3.0.5","node8DeploysDisabledAfter":1613390400000,"node8RuntimeDisabledAfter":1615809600000,"node8WarnAfter":1600128000000}
[debug] [2026-04-19T19:01:27.112Z] <<< [apiv2][status] GET https://firebase.googleapis.com/v1beta1/projects/univest:searchApps 403
[debug] [2026-04-19T19:01:27.112Z] <<< [apiv2][body] GET https://firebase.googleapis.com/v1beta1/projects/univest:searchApps {"error":{"code":403,"message":"The caller does not have permission","status":"PERMISSION_DENIED"}}
[debug] [2026-04-19T19:01:27.113Z] Request to https://firebase.googleapis.com/v1beta1/projects/univest:searchApps?pageSize=100 had HTTP Error: 403, The caller does not have permission
[debug] [2026-04-19T19:01:27.114Z] FirebaseError: Request to https://firebase.googleapis.com/v1beta1/projects/univest:searchApps?pageSize=100 had HTTP Error: 403, The caller does not have permission
    at responseToError (/opt/homebrew/lib/node_modules/firebase-tools/lib/responseToError.js:53:12)
    at RetryOperation._fn (/opt/homebrew/lib/node_modules/firebase-tools/lib/apiv2.js:333:77)
    at process.processTicksAndRejections (node:internal/process/task_queues:104:5)
[error] 
[error] Error: Failed to list Firebase apps. See firebase-debug.log for more info.
